Build started 17/11/2012 12:35:00 PM.
     1>Project "C:\Users\Lawliet\Desktop\WavDFT\WavDFT.vcxproj" on node 2 (Build target(s)).
     1>ClCompile:
         E:\Program Files (x86)\Microsoft Visual Studio 11.0\VC\bin\x86_amd64\CL.exe /c /Zi /nologo /W3 /WX- /Od /D WIN32 /D _DEBUG /D _CONSOLE /D _UNICODE /D UNICODE /Gm /EHsc /RTC1 /MTd /GS /fp:precise /Zc:wchar_t /Zc:forScope /Fo"x64\Debug\\" /Fd"x64\Debug\vc110.pdb" /Gd /TP /errorReport:prompt Ui.cpp
         Ui.cpp
     1>c:\users\lawliet\desktop\wavdft\DFTGeneric.h(55): warning C4267: 'return' : conversion from 'size_t' to 'unsigned int', possible loss of data
     1>c:\users\lawliet\desktop\wavdft\DFTGeneric.h(56): warning C4267: 'return' : conversion from 'size_t' to 'unsigned int', possible loss of data
       Link:
         E:\Program Files (x86)\Microsoft Visual Studio 11.0\VC\bin\x86_amd64\link.exe /ERRORREPORT:PROMPT /OUT:"C:\Users\Lawliet\Desktop\WavDFT\x64\Debug\WaveDFT.exe" /INCREMENTAL /NOLOGO "E:\Program Files\MATLAB\R2012b\extern\lib\win64\microsoft\libeng.lib" "E:\Program Files\MATLAB\R2012b\extern\lib\win64\microsoft\libmx.lib" kernel32.lib user32.lib gdi32.lib winspool.lib comdlg32.lib advapi32.lib shell32.lib ole32.lib oleaut32.lib uuid.lib odbc32.lib odbccp32.lib /MANIFEST /MANIFESTUAC:"level='asInvoker' uiAccess='false'" /manifest:embed /DEBUG /PDB:"C:\Users\Lawliet\Desktop\WavDFT\x64\Debug\WaveDFT.pdb" /SUBSYSTEM:CONSOLE /TLBID:1 /DYNAMICBASE /NXCOMPAT /IMPLIB:"C:\Users\Lawliet\Desktop\WavDFT\x64\Debug\WaveDFT.lib" /MACHINE:X64 x64\Debug\DFTGeneric.obj
         x64\Debug\DFTMatlab.obj
         x64\Debug\DFTUtility.obj
         x64\Debug\Exception.obj
         x64\Debug\main.obj
         x64\Debug\StackWalker.obj
         x64\Debug\Ui.obj
         x64\Debug\UiMatlab.obj
         x64\Debug\UiWave.obj
         x64\Debug\WaveFile.obj
         x64\Debug\WaveMisc.obj
         x64\Debug\WaveWord.obj
         WavDFT.vcxproj -> C:\Users\Lawliet\Desktop\WavDFT\x64\Debug\WaveDFT.exe
     1>Done Building Project "C:\Users\Lawliet\Desktop\WavDFT\WavDFT.vcxproj" (Build target(s)).

Build succeeded.

Time Elapsed 00:00:00.98
