C:\USERS\LAWLIET\DESKTOP\WAVDFT\X64\DEBUG\DFTGENERIC.OBJ
C:\USERS\LAWLIET\DESKTOP\WAVDFT\X64\DEBUG\DFTUTILITY.OBJ
C:\USERS\LAWLIET\DESKTOP\WAVDFT\X64\DEBUG\EXCEPTION.OBJ
C:\USERS\LAWLIET\DESKTOP\WAVDFT\X64\DEBUG\STACKWALKER.OBJ
C:\USERS\LAWLIET\DESKTOP\WAVDFT\X64\DEBUG\WAVEFILE.OBJ
C:\USERS\LAWLIET\DESKTOP\WAVDFT\X64\DEBUG\WAVEMISC.OBJ
C:\USERS\LAWLIET\DESKTOP\WAVDFT\X64\DEBUG\WAVEWORD.OBJ
C:\USERS\LAWLIET\DESKTOP\WAVDFT\X64\DEBUG\VC110.PDB
C:\USERS\LAWLIET\DESKTOP\WAVDFT\X64\DEBUG\DFTMATLAB.OBJ
C:\USERS\LAWLIET\DESKTOP\WAVDFT\X64\DEBUG\UI.OBJ
C:\USERS\LAWLIET\DESKTOP\WAVDFT\X64\DEBUG\UIMATLAB.OBJ
C:\USERS\LAWLIET\DESKTOP\WAVDFT\X64\DEBUG\UIWAVE.OBJ
C:\USERS\LAWLIET\DESKTOP\WAVDFT\X64\DEBUG\MAIN.OBJ
C:\Users\Lawliet\Desktop\WavDFT\x64\Debug\DFTGeneric.obj
C:\Users\Lawliet\Desktop\WavDFT\x64\Debug\DFTMatlab.obj
C:\Users\Lawliet\Desktop\WavDFT\x64\Debug\DFTUtility.obj
C:\Users\Lawliet\Desktop\WavDFT\x64\Debug\Exception.obj
C:\Users\Lawliet\Desktop\WavDFT\x64\Debug\main.obj
C:\Users\Lawliet\Desktop\WavDFT\x64\Debug\StackWalker.obj
C:\Users\Lawliet\Desktop\WavDFT\x64\Debug\Ui.obj
C:\Users\Lawliet\Desktop\WavDFT\x64\Debug\UiMatlab.obj
C:\Users\Lawliet\Desktop\WavDFT\x64\Debug\UiWave.obj
C:\Users\Lawliet\Desktop\WavDFT\x64\Debug\WaveFile.obj
C:\Users\Lawliet\Desktop\WavDFT\x64\Debug\WaveMisc.obj
C:\Users\Lawliet\Desktop\WavDFT\x64\Debug\WaveWord.obj
C:\Users\Lawliet\Desktop\WavDFT\x64\Debug\cl.command.1.tlog
C:\Users\Lawliet\Desktop\WavDFT\x64\Debug\CL.read.1.tlog
C:\Users\Lawliet\Desktop\WavDFT\x64\Debug\CL.write.1.tlog
C:\Users\Lawliet\Desktop\WavDFT\x64\Debug\link-cvtres.read.1.tlog
C:\Users\Lawliet\Desktop\WavDFT\x64\Debug\link-cvtres.write.1.tlog
C:\Users\Lawliet\Desktop\WavDFT\x64\Debug\link-rc.read.1.tlog
C:\Users\Lawliet\Desktop\WavDFT\x64\Debug\link-rc.write.1.tlog
C:\Users\Lawliet\Desktop\WavDFT\x64\Debug\link.command.1.tlog
C:\Users\Lawliet\Desktop\WavDFT\x64\Debug\link.read.1.tlog
C:\Users\Lawliet\Desktop\WavDFT\x64\Debug\link.write.1.tlog
C:\Users\Lawliet\Desktop\WavDFT\x64\Debug\vc110.idb
C:\Users\Lawliet\Desktop\WavDFT\x64\Debug\vc110.pdb
C:\Users\Lawliet\Desktop\WavDFT\x64\Debug\WaveDFT.pdb
